<?xml version="1.0" encoding="UTF-8"?>
<testsuite xmlns:xsi="http://www.w3.org/2001/XMLSchema-instance" xsi:noNamespaceSchemaLocation="https://maven.apache.org/surefire/maven-surefire-plugin/xsd/surefire-test-report.xsd" name="io.cucumber.shouty.RunCucumberTest" time="0.289" tests="2" errors="0" skipped="0" failures="0">
  <properties>
[...]
</properties>
  <testcase name="Listener is within range" classname="Hear shout" time="0.078"/>
  <testcase name="Listener hears a different message" classname="Hear shout" time="0.001"/>
</testsuite>